<?xml version="1.0" encoding="UTF-8"?>
<testng-results ignored="0" total="2" passed="2" failed="0" skipped="0">
  <reporter-output>
    <line>
      <![CDATA[Method1 from falg2]]>
    </line>
    <line>
      <![CDATA[Method2 from flag2 ]]>
    </line>
  </reporter-output>
  <suite started-at="2023-07-20T15:26:14 IST" name="Default suite" finished-at="2023-07-20T15:26:15 IST" duration-ms="82">
    <groups>
    </groups>
    <test started-at="2023-07-20T15:26:14 IST" name="Default test" finished-at="2023-07-20T15:26:15 IST" duration-ms="82">
      <class name="testNGAnnotation_Flags.Flag2">
        <test-method signature="method1()[pri:0, instance:testNGAnnotation_Flags.Flag2@3b0fe47a]" started-at="2023-07-20T15:26:15 IST" name="method1" description="Login Method!!" finished-at="2023-07-20T15:26:15 IST" duration-ms="11" status="PASS">
          <reporter-output>
            <line>
              <![CDATA[Method1 from falg2]]>
            </line>
          </reporter-output>
        </test-method> <!-- method1 -->
        <test-method signature="method2()[pri:0, instance:testNGAnnotation_Flags.Flag2@3b0fe47a]" started-at="2023-07-20T15:26:15 IST" name="method2" description="LogOut Method!!" finished-at="2023-07-20T15:26:15 IST" duration-ms="3" status="PASS">
          <reporter-output>
            <line>
              <![CDATA[Method2 from flag2 ]]>
            </line>
          </reporter-output>
        </test-method> <!-- method2 -->
      </class> <!-- testNGAnnotation_Flags.Flag2 -->
    </test> <!-- Default test -->
  </suite> <!-- Default suite -->
</testng-results>
