<?xml version="1.0" encoding="UTF-8"?>
<testng-results ignored="0" total="5" passed="5" failed="0" skipped="0">
  <reporter-output>
  </reporter-output>
  <suite started-at="2023-07-26T15:03:44 IST" name="Default suite" finished-at="2023-07-26T15:03:53 IST" duration-ms="9291">
    <groups>
    </groups>
    <test started-at="2023-07-26T15:03:44 IST" name="Default test" finished-at="2023-07-26T15:03:53 IST" duration-ms="9291">
      <class name="testNGAnnotation_Flags.ActiTimeDataProvider">
        <test-method signature="invalidLoginMethod(java.lang.String,java.lang.String)[pri:0, instance:testNGAnnotation_Flags.ActiTimeDataProvider@4b29d1d2]" started-at="2023-07-26T15:03:44 IST" name="invalidLoginMethod" data-provider="actiTimeData" finished-at="2023-07-26T15:03:47 IST" duration-ms="2772" status="PASS">
          <params>
            <param index="0">
              <value>
                <![CDATA[ad_main]]>
              </value>
            </param>
            <param index="1">
              <value>
                <![CDATA[mana_ger]]>
              </value>
            </param>
          </params>
          <reporter-output>
          </reporter-output>
        </test-method> <!-- invalidLoginMethod -->
        <test-method signature="invalidLoginMethod(java.lang.String,java.lang.String)[pri:0, instance:testNGAnnotation_Flags.ActiTimeDataProvider@4b29d1d2]" started-at="2023-07-26T15:03:47 IST" name="invalidLoginMethod" data-provider="actiTimeData" finished-at="2023-07-26T15:03:48 IST" duration-ms="1555" status="PASS">
          <params>
            <param index="0">
              <value>
                <![CDATA[manager]]>
              </value>
            </param>
            <param index="1">
              <value>
                <![CDATA[admin]]>
              </value>
            </param>
          </params>
          <reporter-output>
          </reporter-output>
        </test-method> <!-- invalidLoginMethod -->
        <test-method signature="invalidLoginMethod(java.lang.String,java.lang.String)[pri:0, instance:testNGAnnotation_Flags.ActiTimeDataProvider@4b29d1d2]" started-at="2023-07-26T15:03:48 IST" name="invalidLoginMethod" data-provider="actiTimeData" finished-at="2023-07-26T15:03:50 IST" duration-ms="1561" status="PASS">
          <params>
            <param index="0">
              <value>
                <![CDATA[@admin]]>
              </value>
            </param>
            <param index="1">
              <value>
                <![CDATA[@manager]]>
              </value>
            </param>
          </params>
          <reporter-output>
          </reporter-output>
        </test-method> <!-- invalidLoginMethod -->
        <test-method signature="invalidLoginMethod(java.lang.String,java.lang.String)[pri:0, instance:testNGAnnotation_Flags.ActiTimeDataProvider@4b29d1d2]" started-at="2023-07-26T15:03:50 IST" name="invalidLoginMethod" data-provider="actiTimeData" finished-at="2023-07-26T15:03:51 IST" duration-ms="1642" status="PASS">
          <params>
            <param index="0">
              <value>
                <![CDATA[admin123]]>
              </value>
            </param>
            <param index="1">
              <value>
                <![CDATA[manager123]]>
              </value>
            </param>
          </params>
          <reporter-output>
          </reporter-output>
        </test-method> <!-- invalidLoginMethod -->
        <test-method signature="invalidLoginMethod(java.lang.String,java.lang.String)[pri:0, instance:testNGAnnotation_Flags.ActiTimeDataProvider@4b29d1d2]" started-at="2023-07-26T15:03:51 IST" name="invalidLoginMethod" data-provider="actiTimeData" finished-at="2023-07-26T15:03:53 IST" duration-ms="1659" status="PASS">
          <params>
            <param index="0">
              <value>
                <![CDATA[123admin]]>
              </value>
            </param>
            <param index="1">
              <value>
                <![CDATA[123manager]]>
              </value>
            </param>
          </params>
          <reporter-output>
          </reporter-output>
        </test-method> <!-- invalidLoginMethod -->
      </class> <!-- testNGAnnotation_Flags.ActiTimeDataProvider -->
    </test> <!-- Default test -->
  </suite> <!-- Default suite -->
</testng-results>
