<?xml version="1.0" encoding="UTF-8"?>
<testng-results ignored="0" total="3" passed="3" failed="0" skipped="0">
  <reporter-output>
    <line>
      <![CDATA[Test actual Started!!]]>
    </line>
    <line>
      <![CDATA[Test Started!!]]>
    </line>
    <line>
      <![CDATA[Test executed successfully!!!!]]>
    </line>
    <line>
      <![CDATA[Test Started!!]]>
    </line>
    <line>
      <![CDATA[Test executed successfully!!!!]]>
    </line>
    <line>
      <![CDATA[Test Started!!]]>
    </line>
    <line>
      <![CDATA[Test executed successfully!!!!]]>
    </line>
  </reporter-output>
  <suite started-at="2023-07-25T15:13:27 IST" name="Default suite" finished-at="2023-07-25T15:13:33 IST" duration-ms="6005">
    <groups>
    </groups>
    <test started-at="2023-07-25T15:13:27 IST" name="Default test" finished-at="2023-07-25T15:13:33 IST" duration-ms="6005">
      <class name="testNGPackage.TestCase">
        <test-method is-config="true" signature="setUp()[pri:0, instance:testNGPackage.TestCase@8519cb4]" started-at="2023-07-25T15:13:27 IST" name="setUp" finished-at="2023-07-25T15:13:29 IST" duration-ms="1857" status="PASS">
          <reporter-output>
          </reporter-output>
        </test-method> <!-- setUp -->
        <test-method signature="loginMethod()[pri:0, instance:testNGPackage.TestCase@8519cb4]" started-at="2023-07-25T15:13:29 IST" name="loginMethod" finished-at="2023-07-25T15:13:29 IST" duration-ms="296" status="PASS">
          <reporter-output>
            <line>
              <![CDATA[Test Started!!]]>
            </line>
            <line>
              <![CDATA[Test executed successfully!!!!]]>
            </line>
          </reporter-output>
        </test-method> <!-- loginMethod -->
        <test-method is-config="true" signature="tearDown()[pri:0, instance:testNGPackage.TestCase@8519cb4]" started-at="2023-07-25T15:13:29 IST" name="tearDown" finished-at="2023-07-25T15:13:30 IST" duration-ms="256" status="PASS">
          <reporter-output>
          </reporter-output>
        </test-method> <!-- tearDown -->
        <test-method is-config="true" signature="setUp()[pri:0, instance:testNGPackage.TestCase@8519cb4]" started-at="2023-07-25T15:13:30 IST" name="setUp" finished-at="2023-07-25T15:13:31 IST" duration-ms="1078" status="PASS">
          <reporter-output>
          </reporter-output>
        </test-method> <!-- setUp -->
        <test-method signature="createUser()[pri:0, instance:testNGPackage.TestCase@8519cb4]" started-at="2023-07-25T15:13:31 IST" name="createUser" finished-at="2023-07-25T15:13:31 IST" depends-on-methods="testNGPackage.TestCase.loginMethod" duration-ms="810" status="PASS">
          <reporter-output>
            <line>
              <![CDATA[Test Started!!]]>
            </line>
            <line>
              <![CDATA[Test executed successfully!!!!]]>
            </line>
          </reporter-output>
        </test-method> <!-- createUser -->
        <test-method is-config="true" signature="tearDown()[pri:0, instance:testNGPackage.TestCase@8519cb4]" started-at="2023-07-25T15:13:31 IST" name="tearDown" finished-at="2023-07-25T15:13:32 IST" duration-ms="234" status="PASS">
          <reporter-output>
          </reporter-output>
        </test-method> <!-- tearDown -->
        <test-method is-config="true" signature="setUp()[pri:0, instance:testNGPackage.TestCase@8519cb4]" started-at="2023-07-25T15:13:32 IST" name="setUp" finished-at="2023-07-25T15:13:33 IST" duration-ms="1112" status="PASS">
          <reporter-output>
          </reporter-output>
        </test-method> <!-- setUp -->
        <test-method signature="logout()[pri:0, instance:testNGPackage.TestCase@8519cb4]" started-at="2023-07-25T15:13:33 IST" name="logout" finished-at="2023-07-25T15:13:33 IST" depends-on-methods="testNGPackage.TestCase.createUser" duration-ms="93" status="PASS">
          <reporter-output>
            <line>
              <![CDATA[Test Started!!]]>
            </line>
            <line>
              <![CDATA[Test executed successfully!!!!]]>
            </line>
          </reporter-output>
        </test-method> <!-- logout -->
        <test-method is-config="true" signature="tearDown()[pri:0, instance:testNGPackage.TestCase@8519cb4]" started-at="2023-07-25T15:13:33 IST" name="tearDown" finished-at="2023-07-25T15:13:33 IST" duration-ms="181" status="PASS">
          <reporter-output>
          </reporter-output>
        </test-method> <!-- tearDown -->
      </class> <!-- testNGPackage.TestCase -->
    </test> <!-- Default test -->
  </suite> <!-- Default suite -->
</testng-results>
