<?xml version="1.0" encoding="UTF-8"?>
<testng-results ignored="0" total="3" passed="3" failed="0" skipped="0">
  <reporter-output>
    <line>
      <![CDATA[This is Demo TestNG Class!!]]>
    </line>
    <line>
      <![CDATA[This is Remo TestNG Class!!]]>
    </line>
    <line>
      <![CDATA[This is Sumo TestNG Class!!]]>
    </line>
  </reporter-output>
  <suite started-at="2023-07-15T15:41:58 IST" name="Suite" finished-at="2023-07-15T15:41:58 IST" duration-ms="58">
    <groups>
    </groups>
    <test started-at="2023-07-15T15:41:58 IST" name="Test" finished-at="2023-07-15T15:41:58 IST" duration-ms="58">
      <class name="testNGPackage.Sumo">
        <test-method signature="h()[pri:0, instance:testNGPackage.Sumo@52719fb6]" started-at="2023-07-15T15:41:58 IST" name="h" finished-at="2023-07-15T15:41:58 IST" duration-ms="1" status="PASS">
          <reporter-output>
            <line>
              <![CDATA[This is Sumo TestNG Class!!]]>
            </line>
          </reporter-output>
        </test-method> <!-- h -->
      </class> <!-- testNGPackage.Sumo -->
      <class name="testNGPackage.Demo">
        <test-method signature="f()[pri:0, instance:testNGPackage.Demo@73e9cf30]" started-at="2023-07-15T15:41:58 IST" name="f" finished-at="2023-07-15T15:41:58 IST" duration-ms="8" status="PASS">
          <reporter-output>
            <line>
              <![CDATA[This is Demo TestNG Class!!]]>
            </line>
          </reporter-output>
        </test-method> <!-- f -->
      </class> <!-- testNGPackage.Demo -->
      <class name="testNGPackage.Remo">
        <test-method signature="g()[pri:0, instance:testNGPackage.Remo@6221a451]" started-at="2023-07-15T15:41:58 IST" name="g" finished-at="2023-07-15T15:41:58 IST" duration-ms="1" status="PASS">
          <reporter-output>
            <line>
              <![CDATA[This is Remo TestNG Class!!]]>
            </line>
          </reporter-output>
        </test-method> <!-- g -->
      </class> <!-- testNGPackage.Remo -->
    </test> <!-- Test -->
  </suite> <!-- Suite -->
</testng-results>
