<?xml version="1.0" encoding="UTF-8"?>
<!-- Generated by org.testng.reporters.JUnitXMLReporter -->
<testsuite ignored="0" hostname="LAPTOP-KNL22F4G" failures="0" tests="5" name="Default test" time="9.291" errors="0" timestamp="2023-07-26T15:03:53 IST">
  <testcase classname="testNGAnnotation_Flags.ActiTimeDataProvider" name="invalidLoginMethod" time="2.772"/>
  <testcase classname="testNGAnnotation_Flags.ActiTimeDataProvider" name="invalidLoginMethod" time="1.555"/>
  <testcase classname="testNGAnnotation_Flags.ActiTimeDataProvider" name="invalidLoginMethod" time="1.561"/>
  <testcase classname="testNGAnnotation_Flags.ActiTimeDataProvider" name="invalidLoginMethod" time="1.642"/>
  <testcase classname="testNGAnnotation_Flags.ActiTimeDataProvider" name="invalidLoginMethod" time="1.659"/>
</testsuite> <!-- Default test -->
