<?xml version="1.0" encoding="UTF-8"?>
<!-- Generated by org.testng.reporters.JUnitXMLReporter -->
<testsuite ignored="0" hostname="LAPTOP-KNL22F4G" failures="0" tests="3" name="Default test" time="6.005" errors="0" timestamp="2023-07-25T15:13:33 IST">
  <testcase classname="testNGPackage.TestCase" name="loginMethod" time="0.296"/>
  <testcase classname="testNGPackage.TestCase" name="createUser" time="0.81"/>
  <testcase classname="testNGPackage.TestCase" name="logout" time="0.093"/>
</testsuite> <!-- Default test -->
